#-----------------------------------------------------------
# Vivado v2018.2 (64-bit)
# SW Build 2258646 on Thu Jun 14 20:03:12 MDT 2018
# IP Build 2256618 on Thu Jun 14 22:10:49 MDT 2018
# Start of session at: Sat May 24 07:48:12 2025
# Process ID: 18588
# Current directory: C:/Users/dinur/Project/EightWay4Bit_MUX
# Command line: vivado.exe -gui_launcher_event rodinguilauncherevent15976 C:\Users\dinur\Project\EightWay4Bit_MUX\EightWay4Bit_MUX.xpr
# Log file: C:/Users/dinur/Project/EightWay4Bit_MUX/vivado.log
# Journal file: C:/Users/dinur/Project/EightWay4Bit_MUX\vivado.jou
#-----------------------------------------------------------
start_gui
open_project C:/Users/dinur/Project/EightWay4Bit_MUX/EightWay4Bit_MUX.xpr
Scanning sources...
Finished scanning sources
INFO: [IP_Flow 19-234] Refreshing IP repositories
INFO: [IP_Flow 19-1704] No user IP repositories specified
INFO: [IP_Flow 19-2313] Loaded Vivado IP repository 'C:/Xilinx/Vivado/2018.2/data/ip'.
open_project: Time (s): cpu = 00:00:09 ; elapsed = 00:00:06 . Memory (MB): peak = 874.004 ; gain = 151.215
update_compile_order -fileset sources_1
launch_simulation
INFO: [Vivado 12-5682] Launching behavioral simulation in 'C:/Users/dinur/Project/EightWay4Bit_MUX/EightWay4Bit_MUX.sim/sim_1/behav/xsim'
INFO: [SIM-utils-51] Simulation object is 'sim_1'
INFO: [SIM-utils-54] Inspecting design source files for 'EightWay4Bit_MUX_tb' in fileset 'sim_1'...
INFO: [USF-XSim-97] Finding global include files...
INFO: [USF-XSim-98] Fetching design files from 'sim_1'...
INFO: [USF-XSim-2] XSim::Compile design
INFO: [USF-XSim-61] Executing 'COMPILE and ANALYZE' step in 'C:/Users/dinur/Project/EightWay4Bit_MUX/EightWay4Bit_MUX.sim/sim_1/behav/xsim'
"xvhdl --incr --relax -prj EightWay4Bit_MUX_tb_vhdl.prj"
INFO: [USF-XSim-69] 'compile' step finished in '1' seconds
INFO: [USF-XSim-3] XSim::Elaborate design
INFO: [USF-XSim-61] Executing 'ELABORATE' step in 'C:/Users/dinur/Project/EightWay4Bit_MUX/EightWay4Bit_MUX.sim/sim_1/behav/xsim'
Vivado Simulator 2018.2
Copyright 1986-1999, 2001-2018 Xilinx, Inc. All Rights Reserved.
Running: C:/Xilinx/Vivado/2018.2/bin/unwrapped/win64.o/xelab.exe -wto b0016f2560cc4c1db89837c0897e77c1 --incr --debug typical --relax --mt 2 -L xil_defaultlib -L secureip --snapshot EightWay4Bit_MUX_tb_behav xil_defaultlib.EightWay4Bit_MUX_tb -log elaborate.log 
Using 2 slave threads.
Starting static elaboration
ERROR: [VRFC 10-718] formal port <S0> does not exist in entity <EightWay4Bit_MUX>.  Please compare the definition of block <EightWay4Bit_MUX> to its component declaration and its instantion to detect the mismatch. [C:/Users/dinur/Project/EightWay4Bit_MUX/EightWay4Bit_MUX.srcs/sim_1/new/EightWay4Bit Sim.vhd:14]
ERROR: [XSIM 43-3321] Static elaboration of top level VHDL design unit eightway4bit_mux_tb in library work failed.
INFO: [USF-XSim-69] 'elaborate' step finished in '1' seconds
INFO: [USF-XSim-99] Step results log file:'C:/Users/dinur/Project/EightWay4Bit_MUX/EightWay4Bit_MUX.sim/sim_1/behav/xsim/elaborate.log'
ERROR: [USF-XSim-62] 'elaborate' step failed with error(s). Please check the Tcl console output or 'C:/Users/dinur/Project/EightWay4Bit_MUX/EightWay4Bit_MUX.sim/sim_1/behav/xsim/elaborate.log' file for more information.
ERROR: [Vivado 12-4473] Detected error while running simulation. Please correct the issue and retry this operation.
ERROR: [Common 17-39] 'launch_simulation' failed due to earlier errors.
launch_simulation
INFO: [Vivado 12-5682] Launching behavioral simulation in 'C:/Users/dinur/Project/EightWay4Bit_MUX/EightWay4Bit_MUX.sim/sim_1/behav/xsim'
INFO: [SIM-utils-51] Simulation object is 'sim_1'
INFO: [SIM-utils-54] Inspecting design source files for 'EightWay4Bit_MUX_tb' in fileset 'sim_1'...
INFO: [USF-XSim-97] Finding global include files...
INFO: [USF-XSim-98] Fetching design files from 'sim_1'...
INFO: [USF-XSim-2] XSim::Compile design
INFO: [USF-XSim-61] Executing 'COMPILE and ANALYZE' step in 'C:/Users/dinur/Project/EightWay4Bit_MUX/EightWay4Bit_MUX.sim/sim_1/behav/xsim'
"xvhdl --incr --relax -prj EightWay4Bit_MUX_tb_vhdl.prj"
INFO: [VRFC 10-163] Analyzing VHDL file "C:/Users/dinur/Project/EightWay4Bit_MUX/EightWay4Bit_MUX.srcs/sim_1/new/EightWay4Bit Sim.vhd" into library xil_defaultlib
INFO: [VRFC 10-307] analyzing entity EightWay4Bit_MUX_tb
ERROR: [VRFC 10-719] formal port/generic <s0> is not declared in <eightway4bit_mux> [C:/Users/dinur/Project/EightWay4Bit_MUX/EightWay4Bit_MUX.srcs/sim_1/new/EightWay4Bit Sim.vhd:30]
ERROR: [VRFC 10-2666] formal port reg_sel has no actual or default value [C:/Users/dinur/Project/EightWay4Bit_MUX/EightWay4Bit_MUX.srcs/sim_1/new/EightWay4Bit Sim.vhd:26]
ERROR: [VRFC 10-1504] unit behavioral ignored due to previous errors [C:/Users/dinur/Project/EightWay4Bit_MUX/EightWay4Bit_MUX.srcs/sim_1/new/EightWay4Bit Sim.vhd:8]
INFO: [VRFC 10-240] VHDL file C:/Users/dinur/Project/EightWay4Bit_MUX/EightWay4Bit_MUX.srcs/sim_1/new/EightWay4Bit Sim.vhd ignored due to errors
INFO: [USF-XSim-69] 'compile' step finished in '1' seconds
INFO: [USF-XSim-99] Step results log file:'C:/Users/dinur/Project/EightWay4Bit_MUX/EightWay4Bit_MUX.sim/sim_1/behav/xsim/xvhdl.log'
ERROR: [USF-XSim-62] 'compile' step failed with error(s). Please check the Tcl console output or 'C:/Users/dinur/Project/EightWay4Bit_MUX/EightWay4Bit_MUX.sim/sim_1/behav/xsim/xvhdl.log' file for more information.
ERROR: [Vivado 12-4473] Detected error while running simulation. Please correct the issue and retry this operation.
ERROR: [Common 17-39] 'launch_simulation' failed due to earlier errors.
launch_simulation
INFO: [Vivado 12-5682] Launching behavioral simulation in 'C:/Users/dinur/Project/EightWay4Bit_MUX/EightWay4Bit_MUX.sim/sim_1/behav/xsim'
INFO: [SIM-utils-51] Simulation object is 'sim_1'
INFO: [SIM-utils-54] Inspecting design source files for 'EightWay4Bit_MUX_tb' in fileset 'sim_1'...
INFO: [USF-XSim-97] Finding global include files...
INFO: [USF-XSim-98] Fetching design files from 'sim_1'...
INFO: [USF-XSim-2] XSim::Compile design
INFO: [USF-XSim-61] Executing 'COMPILE and ANALYZE' step in 'C:/Users/dinur/Project/EightWay4Bit_MUX/EightWay4Bit_MUX.sim/sim_1/behav/xsim'
"xvhdl --incr --relax -prj EightWay4Bit_MUX_tb_vhdl.prj"
INFO: [VRFC 10-163] Analyzing VHDL file "C:/Users/dinur/Project/EightWay4Bit_MUX/EightWay4Bit_MUX.srcs/sources_1/new/EightWay4Bit_MUX.vhd" into library xil_defaultlib
INFO: [VRFC 10-307] analyzing entity EightWay4Bit_MUX
INFO: [VRFC 10-163] Analyzing VHDL file "C:/Users/dinur/Project/EightWay4Bit_MUX/EightWay4Bit_MUX.srcs/sim_1/new/EightWay4Bit Sim.vhd" into library xil_defaultlib
INFO: [VRFC 10-307] analyzing entity EightWay4Bit_MUX_tb
ERROR: [VRFC 10-719] formal port/generic <s0> is not declared in <eightway4bit_mux> [C:/Users/dinur/Project/EightWay4Bit_MUX/EightWay4Bit_MUX.srcs/sim_1/new/EightWay4Bit Sim.vhd:30]
ERROR: [VRFC 10-2666] formal port reg_sel has no actual or default value [C:/Users/dinur/Project/EightWay4Bit_MUX/EightWay4Bit_MUX.srcs/sim_1/new/EightWay4Bit Sim.vhd:26]
ERROR: [VRFC 10-1504] unit behavioral ignored due to previous errors [C:/Users/dinur/Project/EightWay4Bit_MUX/EightWay4Bit_MUX.srcs/sim_1/new/EightWay4Bit Sim.vhd:8]
INFO: [VRFC 10-240] VHDL file C:/Users/dinur/Project/EightWay4Bit_MUX/EightWay4Bit_MUX.srcs/sim_1/new/EightWay4Bit Sim.vhd ignored due to errors
INFO: [USF-XSim-69] 'compile' step finished in '2' seconds
INFO: [USF-XSim-99] Step results log file:'C:/Users/dinur/Project/EightWay4Bit_MUX/EightWay4Bit_MUX.sim/sim_1/behav/xsim/xvhdl.log'
ERROR: [USF-XSim-62] 'compile' step failed with error(s). Please check the Tcl console output or 'C:/Users/dinur/Project/EightWay4Bit_MUX/EightWay4Bit_MUX.sim/sim_1/behav/xsim/xvhdl.log' file for more information.
ERROR: [Vivado 12-4473] Detected error while running simulation. Please correct the issue and retry this operation.
ERROR: [Common 17-39] 'launch_simulation' failed due to earlier errors.
launch_simulation
INFO: [Vivado 12-5682] Launching behavioral simulation in 'C:/Users/dinur/Project/EightWay4Bit_MUX/EightWay4Bit_MUX.sim/sim_1/behav/xsim'
INFO: [SIM-utils-51] Simulation object is 'sim_1'
INFO: [SIM-utils-54] Inspecting design source files for 'EightWay4Bit_MUX_tb' in fileset 'sim_1'...
INFO: [USF-XSim-97] Finding global include files...
INFO: [USF-XSim-98] Fetching design files from 'sim_1'...
INFO: [USF-XSim-2] XSim::Compile design
INFO: [USF-XSim-61] Executing 'COMPILE and ANALYZE' step in 'C:/Users/dinur/Project/EightWay4Bit_MUX/EightWay4Bit_MUX.sim/sim_1/behav/xsim'
"xvhdl --incr --relax -prj EightWay4Bit_MUX_tb_vhdl.prj"
INFO: [VRFC 10-163] Analyzing VHDL file "C:/Users/dinur/Project/EightWay4Bit_MUX/EightWay4Bit_MUX.srcs/sources_1/new/EightWay4Bit_MUX.vhd" into library xil_defaultlib
INFO: [VRFC 10-307] analyzing entity EightWay4Bit_MUX
INFO: [VRFC 10-163] Analyzing VHDL file "C:/Users/dinur/Project/EightWay4Bit_MUX/EightWay4Bit_MUX.srcs/sim_1/new/EightWay4Bit Sim.vhd" into library xil_defaultlib
INFO: [VRFC 10-307] analyzing entity EightWay4Bit_MUX_tb
INFO: [USF-XSim-69] 'compile' step finished in '1' seconds
INFO: [USF-XSim-3] XSim::Elaborate design
INFO: [USF-XSim-61] Executing 'ELABORATE' step in 'C:/Users/dinur/Project/EightWay4Bit_MUX/EightWay4Bit_MUX.sim/sim_1/behav/xsim'
Vivado Simulator 2018.2
Copyright 1986-1999, 2001-2018 Xilinx, Inc. All Rights Reserved.
Running: C:/Xilinx/Vivado/2018.2/bin/unwrapped/win64.o/xelab.exe -wto b0016f2560cc4c1db89837c0897e77c1 --incr --debug typical --relax --mt 2 -L xil_defaultlib -L secureip --snapshot EightWay4Bit_MUX_tb_behav xil_defaultlib.EightWay4Bit_MUX_tb -log elaborate.log 
Using 2 slave threads.
Starting static elaboration
Completed static elaboration
Starting simulation data flow analysis
Completed simulation data flow analysis
Time Resolution for simulation is 1ps
Compiling package std.standard
Compiling package std.textio
Compiling package ieee.std_logic_1164
Compiling architecture behavioral of entity xil_defaultlib.EightWay4Bit_MUX [eightway4bit_mux_default]
Compiling architecture behavioral of entity xil_defaultlib.eightway4bit_mux_tb
Built simulation snapshot EightWay4Bit_MUX_tb_behav

****** Webtalk v2018.2 (64-bit)
  **** SW Build 2258646 on Thu Jun 14 20:03:12 MDT 2018
  **** IP Build 2256618 on Thu Jun 14 22:10:49 MDT 2018
    ** Copyright 1986-2018 Xilinx, Inc. All Rights Reserved.

source C:/Users/dinur/Project/EightWay4Bit_MUX/EightWay4Bit_MUX.sim/sim_1/behav/xsim/xsim.dir/EightWay4Bit_MUX_tb_behav/webtalk/xsim_webtalk.tcl -notrace
INFO: [Common 17-206] Exiting Webtalk at Sat May 24 07:58:43 2025...
INFO: [USF-XSim-69] 'elaborate' step finished in '4' seconds
INFO: [USF-XSim-4] XSim::Simulate design
INFO: [USF-XSim-61] Executing 'SIMULATE' step in 'C:/Users/dinur/Project/EightWay4Bit_MUX/EightWay4Bit_MUX.sim/sim_1/behav/xsim'
INFO: [USF-XSim-98] *** Running xsim
   with args "EightWay4Bit_MUX_tb_behav -key {Behavioral:sim_1:Functional:EightWay4Bit_MUX_tb} -tclbatch {EightWay4Bit_MUX_tb.tcl} -log {simulate.log}"
INFO: [USF-XSim-8] Loading simulator feature
Vivado Simulator 2018.2
Time resolution is 1 ps
source EightWay4Bit_MUX_tb.tcl
# set curr_wave [current_wave_config]
# if { [string length $curr_wave] == 0 } {
#   if { [llength [get_objects]] > 0} {
#     add_wave /
#     set_property needs_save false [current_wave_config]
#   } else {
#      send_msg_id Add_Wave-1 WARNING "No top level signals found. Simulator will start without a wave window. If you want to open a wave window go to 'File->New Waveform Configuration' or type 'create_wave_config' in the TCL console."
#   }
# }
# run 1000ns
INFO: [USF-XSim-96] XSim completed. Design snapshot 'EightWay4Bit_MUX_tb_behav' loaded.
INFO: [USF-XSim-97] XSim simulation ran for 1000ns
launch_simulation: Time (s): cpu = 00:00:04 ; elapsed = 00:00:09 . Memory (MB): peak = 925.555 ; gain = 11.195
close_sim
INFO: [Simtcl 6-16] Simulation closed
exit
INFO: [Common 17-206] Exiting Vivado at Sat May 24 07:59:18 2025...
