#-----------------------------------------------------------
# Vivado v2018.2 (64-bit)
# SW Build 2258646 on Thu Jun 14 20:03:12 MDT 2018
# IP Build 2256618 on Thu Jun 14 22:10:49 MDT 2018
# Start of session at: Fri May 16 15:24:00 2025
# Process ID: 13752
# Current directory: C:/Users/dinur/ProjectImproved/Project/ImprovedNanoprocessor
# Command line: vivado.exe -gui_launcher_event rodinguilauncherevent15884 C:\Users\dinur\ProjectImproved\Project\ImprovedNanoprocessor\ImprovedNanoprocessor.xpr
# Log file: C:/Users/dinur/ProjectImproved/Project/ImprovedNanoprocessor/vivado.log
# Journal file: C:/Users/dinur/ProjectImproved/Project/ImprovedNanoprocessor\vivado.jou
#-----------------------------------------------------------
start_gui
open_project C:/Users/dinur/ProjectImproved/Project/ImprovedNanoprocessor/ImprovedNanoprocessor.xpr
Scanning sources...
Finished scanning sources
INFO: [IP_Flow 19-234] Refreshing IP repositories
INFO: [IP_Flow 19-1704] No user IP repositories specified
INFO: [IP_Flow 19-2313] Loaded Vivado IP repository 'C:/Xilinx/Vivado/2018.2/data/ip'.
open_project: Time (s): cpu = 00:00:16 ; elapsed = 00:00:37 . Memory (MB): peak = 886.824 ; gain = 158.805
update_compile_order -fileset sources_1
launch_simulation
INFO: [Vivado 12-5682] Launching behavioral simulation in 'C:/Users/dinur/ProjectImproved/Project/ImprovedNanoprocessor/ImprovedNanoprocessor.sim/sim_1/behav/xsim'
INFO: [SIM-utils-51] Simulation object is 'sim_1'
INFO: [SIM-utils-54] Inspecting design source files for 'ImprovedNanoprocessorSim' in fileset 'sim_1'...
INFO: [USF-XSim-97] Finding global include files...
INFO: [USF-XSim-98] Fetching design files from 'sim_1'...
INFO: [USF-XSim-2] XSim::Compile design
INFO: [USF-XSim-61] Executing 'COMPILE and ANALYZE' step in 'C:/Users/dinur/ProjectImproved/Project/ImprovedNanoprocessor/ImprovedNanoprocessor.sim/sim_1/behav/xsim'
"xvhdl --incr --relax -prj ImprovedNanoprocessorSim_vhdl.prj"
INFO: [VRFC 10-163] Analyzing VHDL file "C:/Users/dinur/ProjectImproved/Project/ImprovedNanoprocessor/ImprovedNanoprocessor.srcs/sources_1/imports/new/Slow_Clk.vhd" into library xil_defaultlib
INFO: [VRFC 10-307] analyzing entity Slow_Clk
INFO: [USF-XSim-69] 'compile' step finished in '3' seconds
INFO: [USF-XSim-3] XSim::Elaborate design
INFO: [USF-XSim-61] Executing 'ELABORATE' step in 'C:/Users/dinur/ProjectImproved/Project/ImprovedNanoprocessor/ImprovedNanoprocessor.sim/sim_1/behav/xsim'
Vivado Simulator 2018.2
Copyright 1986-1999, 2001-2018 Xilinx, Inc. All Rights Reserved.
Running: C:/Xilinx/Vivado/2018.2/bin/unwrapped/win64.o/xelab.exe -wto c8508131014045dfa3f83b83bb4742e8 --incr --debug typical --relax --mt 2 -L xil_defaultlib -L secureip --snapshot ImprovedNanoprocessorSim_behav xil_defaultlib.ImprovedNanoprocessorSim -log elaborate.log 
Using 2 slave threads.
Starting static elaboration
Completed static elaboration
Starting simulation data flow analysis
Completed simulation data flow analysis
Time Resolution for simulation is 1ps
Compiling package std.standard
Compiling package std.textio
Compiling package ieee.std_logic_1164
Compiling package ieee.numeric_std
Compiling architecture behavioral of entity xil_defaultlib.Slow_Clk [slow_clk_default]
Compiling architecture behavioral of entity xil_defaultlib.Decoder_4_to_16 [decoder_4_to_16_default]
Compiling architecture behavioral of entity xil_defaultlib.Reg [reg_default]
Compiling architecture behavioral of entity xil_defaultlib.ImprovedRegisterBank [improvedregisterbank_default]
Compiling architecture behavioral of entity xil_defaultlib.SixteenWay4BitMUX [sixteenway4bitmux_default]
Compiling architecture behavioral of entity xil_defaultlib.NineWay4Bit_MUX [nineway4bit_mux_default]
Compiling architecture behavioral of entity xil_defaultlib.HA [ha_default]
Compiling architecture behavioral of entity xil_defaultlib.FA [fa_default]
Compiling architecture behavioral of entity xil_defaultlib.RCA_4 [rca_4_default]
Compiling architecture behavioral of entity xil_defaultlib.ASU [asu_default]
Compiling architecture behavioral of entity xil_defaultlib.Decoder_4_to_12 [decoder_4_to_12_default]
Compiling architecture behavioral of entity xil_defaultlib.ImprovedInstructionDecoder [improvedinstructiondecoder_defau...]
Compiling architecture behavioral of entity xil_defaultlib.ImprovedProgramROM [improvedprogramrom_default]
Compiling architecture behavioral of entity xil_defaultlib.D_FF [d_ff_default]
Compiling architecture behavioral of entity xil_defaultlib.ImprovedPC [improvedpc_default]
Compiling architecture behavioral of entity xil_defaultlib.Improved4BitAdder [improved4bitadder_default]
Compiling architecture behavioral of entity xil_defaultlib.TwoWay4Bit_Mux [twoway4bit_mux_default]
Compiling architecture behavioral of entity xil_defaultlib.LUT_16_7 [lut_16_7_default]
Compiling architecture behavioral of entity xil_defaultlib.Multiplier_4 [multiplier_4_default]
Compiling architecture behavioral of entity xil_defaultlib.BitShifterLeft [bitshifterleft_default]
Compiling architecture behavioral of entity xil_defaultlib.BitShifterRight [bitshifterright_default]
Compiling architecture behavioral of entity xil_defaultlib.BitwiseAND [bitwiseand_default]
Compiling architecture behavioral of entity xil_defaultlib.BitwiseNOT [bitwisenot_default]
Compiling architecture behavioral of entity xil_defaultlib.BitwiseOR [bitwiseor_default]
Compiling architecture behavioral of entity xil_defaultlib.BitwiseXOR [bitwisexor_default]
Compiling architecture behavioral of entity xil_defaultlib.Comparator_4bit [comparator_4bit_default]
Compiling architecture behavioral of entity xil_defaultlib.OperationSelector [operationselector_default]
Compiling architecture behavioral of entity xil_defaultlib.ImprovedNanoprocessor [improvednanoprocessor_default]
Compiling architecture behavioral of entity xil_defaultlib.improvednanoprocessorsim
Built simulation snapshot ImprovedNanoprocessorSim_behav
INFO: [USF-XSim-69] 'elaborate' step finished in '4' seconds
INFO: [USF-XSim-4] XSim::Simulate design
INFO: [USF-XSim-61] Executing 'SIMULATE' step in 'C:/Users/dinur/ProjectImproved/Project/ImprovedNanoprocessor/ImprovedNanoprocessor.sim/sim_1/behav/xsim'
INFO: [USF-XSim-98] *** Running xsim
   with args "ImprovedNanoprocessorSim_behav -key {Behavioral:sim_1:Functional:ImprovedNanoprocessorSim} -tclbatch {ImprovedNanoprocessorSim.tcl} -log {simulate.log}"
INFO: [USF-XSim-8] Loading simulator feature
Vivado Simulator 2018.2
Time resolution is 1 ps
source ImprovedNanoprocessorSim.tcl
# set curr_wave [current_wave_config]
# if { [string length $curr_wave] == 0 } {
#   if { [llength [get_objects]] > 0} {
#     add_wave /
#     set_property needs_save false [current_wave_config]
#   } else {
#      send_msg_id Add_Wave-1 WARNING "No top level signals found. Simulator will start without a wave window. If you want to open a wave window go to 'File->New Waveform Configuration' or type 'create_wave_config' in the TCL console."
#   }
# }
# run 3000ns
INFO: [USF-XSim-96] XSim completed. Design snapshot 'ImprovedNanoprocessorSim_behav' loaded.
INFO: [USF-XSim-97] XSim simulation ran for 3000ns
launch_simulation: Time (s): cpu = 00:00:06 ; elapsed = 00:00:13 . Memory (MB): peak = 876.176 ; gain = 20.320
close_sim
INFO: [Simtcl 6-16] Simulation closed
exit
INFO: [Common 17-206] Exiting Vivado at Fri May 16 15:28:18 2025...
