#-----------------------------------------------------------
# Vivado v2018.2 (64-bit)
# SW Build 2258646 on Thu Jun 14 20:03:12 MDT 2018
# IP Build 2256618 on Thu Jun 14 22:10:49 MDT 2018
# Start of session at: Tue May  6 17:36:18 2025
# Process ID: 20424
# Current directory: C:/Users/dinur/Project/AddSub Unit
# Command line: vivado.exe -gui_launcher_event rodinguilauncherevent9700 C:\Users\dinur\Project\AddSub Unit\AddSub Unit.xpr
# Log file: C:/Users/dinur/Project/AddSub Unit/vivado.log
# Journal file: C:/Users/dinur/Project/AddSub Unit\vivado.jou
#-----------------------------------------------------------
start_gui
open_project {C:/Users/dinur/Project/AddSub Unit/AddSub Unit.xpr}
INFO: [Project 1-313] Project file moved from 'C:/Users/dinur/AddSub Unit' since last save.
Scanning sources...
Finished scanning sources
INFO: [IP_Flow 19-234] Refreshing IP repositories
INFO: [IP_Flow 19-1704] No user IP repositories specified
INFO: [IP_Flow 19-2313] Loaded Vivado IP repository 'C:/Xilinx/Vivado/2018.2/data/ip'.
oopen_project: Time (s): cpu = 00:00:14 ; elapsed = 00:00:24 . Memory (MB): peak = 846.855 ; gain = 141.434uupdate_compile_order -fileset sources_1eexitIINFO: [Common 17-206] Exiting Vivado at Tue May  6 17:37:24 2025...
